TN:
SF:/home/kostysh/dev/pantoken/contracts/lifestyle/FeatureInitializable.sol
FN:22,onlyInitializedFeature
FN:31,notInitializedFeature
FN:41,isFeatureInitialized
FN:49,_setFeatureInitialized
FNF:4
FNH:4
FNDA:2,onlyInitializedFeature
FNDA:2,notInitializedFeature
FNDA:105,isFeatureInitialized
FNDA:56,_setFeatureInitialized
DA:23,2
DA:24,1
DA:32,2
DA:33,1
DA:42,105
DA:50,56
DA:51,54
DA:52,54
LF:8
LH:8
BRDA:23,1,0,1
BRDA:23,1,1,1
BRDA:32,2,0,1
BRDA:32,2,1,1
BRDA:50,3,0,54
BRDA:50,3,1,2
BRF:6
BRH:6
end_of_record
TN:
SF:/home/kostysh/dev/pantoken/contracts/MultiSigWallet.sol
FN:39,onlyWallet
FN:47,ownerDoesNotExist
FN:55,ownerExists
FN:63,transactionExists
FN:71,confirmed
FN:79,notConfirmed
FN:87,notExecuted
FN:95,notNull
FN:106,validRequirement
FN:117,
FN:127,walletBalance
FN:136,withdraw
FN:148,
FN:164,addOwner
FN:179,removeOwner
FN:208,replaceOwner
FN:231,changeRequirement
FN:246,submitTransaction
FN:260,confirmTransaction
FN:273,revokeConfirmation
FN:286,executeTransaction
FN:313,external_call
FN:345,isConfirmed
FN:367,isExecuted
FN:378,addTransaction
FN:399,getConfirmationCount
FN:415,getTransactionCount
FN:431,getOwners
FN:440,getConfirmations
FN:464,getPendingTransactionIds
FNF:30
FNH:29
FNDA:12,onlyWallet
FNDA:6,ownerDoesNotExist
FNDA:107,ownerExists
FNDA:52,transactionExists
FNDA:52,confirmed
FNDA:52,notConfirmed
FNDA:52,notExecuted
FNDA:31,notNull
FNDA:36,validRequirement
FNDA:22,
FNDA:2,walletBalance
FNDA:1,withdraw
FNDA:22,
FNDA:5,addOwner
FNDA:2,removeOwner
FNDA:1,replaceOwner
FNDA:3,changeRequirement
FNDA:25,submitTransaction
FNDA:52,confirmTransaction
FNDA:0,revokeConfirmation
FNDA:52,executeTransaction
FNDA:22,external_call
FNDA:52,isConfirmed
FNDA:107,isExecuted
FNDA:25,addTransaction
FNDA:1,getConfirmationCount
FNDA:3,getTransactionCount
FNDA:1,getOwners
FNDA:1,getConfirmations
FNDA:4,getPendingTransactionIds
DA:40,12
DA:41,12
DA:48,6
DA:49,6
DA:56,107
DA:57,107
DA:64,52
DA:65,52
DA:72,52
DA:73,52
DA:80,52
DA:81,52
DA:88,52
DA:89,52
DA:96,31
DA:97,31
DA:107,36
DA:111,30
DA:119,22
DA:120,22
DA:128,2
DA:139,1
DA:140,1
DA:150,22
DA:151,102
DA:152,102
DA:155,22
DA:156,22
DA:169,5
DA:170,5
DA:171,5
DA:183,2
DA:185,2
DA:187,8
DA:188,0
DA:189,0
DA:193,2
DA:195,2
DA:196,1
DA:199,2
DA:213,1
DA:215,5
DA:216,1
DA:217,1
DA:221,1
DA:222,1
DA:223,1
DA:224,1
DA:235,3
DA:236,3
DA:252,25
DA:253,25
DA:264,52
DA:265,52
DA:266,52
DA:278,0
DA:279,0
DA:291,52
DA:293,22
DA:295,22
DA:301,21
DA:303,1
DA:304,1
DA:319,22
DA:321,22
DA:337,22
DA:346,52
DA:348,52
DA:350,201
DA:351,95
DA:354,201
DA:355,22
DA:359,30
DA:368,107
DA:383,25
DA:384,25
DA:390,25
DA:391,25
DA:401,1
DA:403,5
DA:404,2
DA:417,3
DA:419,6
DA:422,4
DA:432,1
DA:441,1
DA:442,1
DA:443,1
DA:445,1
DA:447,5
DA:448,2
DA:449,2
DA:453,1
DA:455,1
DA:456,2
DA:465,4
DA:466,4
DA:467,4
DA:468,4
DA:470,4
DA:472,11
DA:474,7
DA:475,7
DA:479,4
DA:481,4
DA:482,7
DA:485,4
LF:107
LH:103
BRDA:40,1,0,12
BRDA:40,1,1,0
BRDA:48,2,0,6
BRDA:48,2,1,0
BRDA:56,3,0,107
BRDA:56,3,1,0
BRDA:64,4,0,52
BRDA:64,4,1,0
BRDA:72,5,0,52
BRDA:72,5,1,0
BRDA:80,6,0,52
BRDA:80,6,1,0
BRDA:88,7,0,52
BRDA:88,7,1,0
BRDA:96,8,0,31
BRDA:96,8,1,0
BRDA:107,9,0,30
BRDA:107,9,1,6
BRDA:119,10,0,22
BRDA:119,10,1,0
BRDA:151,11,0,102
BRDA:151,11,1,0
BRDA:187,12,0,0
BRDA:187,12,1,8
BRDA:195,13,0,1
BRDA:195,13,1,1
BRDA:215,14,0,1
BRDA:215,14,1,4
BRDA:291,15,0,22
BRDA:291,15,1,30
BRDA:295,16,0,21
BRDA:295,16,1,1
BRDA:350,17,0,95
BRDA:350,17,1,106
BRDA:354,18,0,22
BRDA:354,18,1,179
BRDA:403,19,0,2
BRDA:403,19,1,3
BRDA:419,20,0,4
BRDA:419,20,1,2
BRDA:447,21,0,2
BRDA:447,21,1,3
BRDA:472,22,0,7
BRDA:472,22,1,4
BRF:44
BRH:33
end_of_record
TN:
SF:/home/kostysh/dev/pantoken/contracts/Pan.sol
FN:17,mintableInitialized
FN:26,initializeMintable
FN:41,mint
FNF:3
FNH:3
FNDA:35,mintableInitialized
FNDA:33,initializeMintable
FNDA:34,mint
DA:18,35
DA:19,35
DA:27,33
DA:28,33
DA:30,33
DA:31,18
DA:45,34
DA:46,34
LF:8
LH:8
BRDA:18,1,0,35
BRDA:18,1,1,0
BRDA:27,2,0,33
BRDA:27,2,1,0
BRDA:30,3,0,18
BRDA:30,3,1,15
BRF:6
BRH:4
end_of_record
TN:
SF:/home/kostysh/dev/pantoken/contracts/test/PanV1.sol
FN:14,pausableInitialized
FN:19,initializePausable
FN:32,pause
FN:36,transfer
FN:43,transferFrom
FN:51,approve
FN:59,increaseAllowance
FN:66,decreaseAllowance
FNF:8
FNH:8
FNDA:8,pausableInitialized
FNDA:19,initializePausable
FNDA:8,pause
FNDA:2,transfer
FNDA:1,transferFrom
FNDA:3,approve
FNDA:1,increaseAllowance
FNDA:1,decreaseAllowance
DA:15,8
DA:16,8
DA:20,19
DA:21,19
DA:23,17
DA:24,17
DA:33,8
DA:40,2
DA:48,1
DA:56,3
DA:63,1
DA:70,1
LF:12
LH:12
BRDA:15,1,0,8
BRDA:15,1,1,0
BRDA:20,2,0,19
BRDA:20,2,1,0
BRDA:23,3,0,17
BRDA:23,3,1,0
BRF:6
BRH:3
end_of_record
TN:
SF:/home/kostysh/dev/pantoken/contracts/test/TestFeatureInitialized.sol
FN:11,setInitialised
FN:15,isInitialised
FN:19,testOnlyInitialized
FN:23,testNotInitialized
FNF:4
FNH:4
FNDA:4,setInitialised
FNDA:2,isInitialised
FNDA:1,testOnlyInitialized
FNDA:1,testNotInitialized
DA:12,4
DA:16,2
DA:20,1
DA:24,1
LF:4
LH:4
BRF:0
BRH:0
end_of_record
TN:
SF:/home/kostysh/dev/pantoken/contracts/upgradeability/OwnedUpgradeabilityStorage.sol
FN:25,
FN:32,onlyProxyOwner
FN:41,proxyOwner
FN:52,transferProxyOwnership
FN:62,upgradeTo
FN:73,upgradeToAndCall
FN:81,setUpgradeabilityOwner
FNF:7
FNH:7
FNDA:19,
FNDA:79,onlyProxyOwner
FNDA:84,proxyOwner
FNDA:4,transferProxyOwnership
FNDA:38,upgradeTo
FNDA:36,upgradeToAndCall
FNDA:22,setUpgradeabilityOwner
DA:26,19
DA:33,79
DA:34,78
DA:42,84
DA:43,84
DA:53,4
DA:54,3
DA:55,3
DA:63,38
DA:74,36
DA:75,36
DA:82,22
DA:83,22
LF:13
LH:13
BRDA:33,1,0,78
BRDA:33,1,1,1
BRDA:53,2,0,3
BRDA:53,2,1,1
BRDA:75,3,0,35
BRDA:75,3,1,1
BRF:6
BRH:6
end_of_record
TN:
SF:/home/kostysh/dev/pantoken/contracts/upgradeability/Proxy.sol
FN:14,
FNF:1
FNH:1
FNDA:112,
DA:15,112
DA:16,112
DA:18,112
LF:3
LH:3
BRDA:16,1,0,112
BRDA:16,1,1,0
BRF:2
BRH:1
end_of_record
TN:
SF:/home/kostysh/dev/pantoken/contracts/upgradeability/UpgradeabilityProxy.sol
FN:26,implementation
FN:37,setImplementation
FN:48,_upgradeTo
FNF:3
FNH:3
FNDA:151,implementation
FNDA:36,setImplementation
FNDA:38,_upgradeTo
DA:27,151
DA:28,151
DA:38,36
DA:39,36
DA:49,38
DA:50,37
DA:51,37
DA:52,36
DA:53,36
LF:9
LH:9
BRDA:49,1,0,37
BRDA:49,1,1,1
BRDA:51,2,0,36
BRDA:51,2,1,1
BRF:4
BRH:4
end_of_record
